Analysis & Synthesis report for bus
Sat Nov 25 19:34:20 2023
Quartus Prime Version 18.1.0 Build 625 09/12/2018 SJ Lite Edition


---------------------
; Table of Contents ;
---------------------
  1. Legal Notice
  2. Analysis & Synthesis Summary
  3. Analysis & Synthesis Settings
  4. Parallel Compilation
  5. Analysis & Synthesis Source Files Read
  6. Analysis & Synthesis Resource Usage Summary
  7. Analysis & Synthesis Resource Utilization by Entity
  8. General Register Statistics
  9. Multiplexer Restructuring Statistics (Restructuring Performed)
 10. Parameter Settings for User Entity Instance: bus_arbit:int_bus_arb
 11. Port Connectivity Checks: "mux3_32bit:ins_mux3_32"
 12. Post-Synthesis Netlist Statistics for Top Partition
 13. Elapsed Time Per Partition
 14. Analysis & Synthesis Messages



----------------
; Legal Notice ;
----------------
Copyright (C) 2018  Intel Corporation. All rights reserved.
Your use of Intel Corporation's design tools, logic functions 
and other software and tools, and its AMPP partner logic 
functions, and any output files from any of the foregoing 
(including device programming or simulation files), and any 
associated documentation or information are expressly subject 
to the terms and conditions of the Intel Program License 
Subscription Agreement, the Intel Quartus Prime License Agreement,
the Intel FPGA IP License Agreement, or other applicable license
agreement, including, without limitation, that your use is for
the sole purpose of programming logic devices manufactured by
Intel and sold by Intel or its authorized distributors.  Please
refer to the applicable agreement for further details.



+-------------------------------------------------------------------------------+
; Analysis & Synthesis Summary                                                  ;
+---------------------------------+---------------------------------------------+
; Analysis & Synthesis Status     ; Successful - Sat Nov 25 19:34:20 2023       ;
; Quartus Prime Version           ; 18.1.0 Build 625 09/12/2018 SJ Lite Edition ;
; Revision Name                   ; bus                                         ;
; Top-level Entity Name           ; bus                                         ;
; Family                          ; Cyclone V                                   ;
; Logic utilization (in ALMs)     ; N/A                                         ;
; Total registers                 ; 6                                           ;
; Total pins                      ; 227                                         ;
; Total virtual pins              ; 0                                           ;
; Total block memory bits         ; 0                                           ;
; Total DSP Blocks                ; 0                                           ;
; Total HSSI RX PCSs              ; 0                                           ;
; Total HSSI PMA RX Deserializers ; 0                                           ;
; Total HSSI TX PCSs              ; 0                                           ;
; Total HSSI PMA TX Serializers   ; 0                                           ;
; Total PLLs                      ; 0                                           ;
; Total DLLs                      ; 0                                           ;
+---------------------------------+---------------------------------------------+


+---------------------------------------------------------------------------------------------------------------------------+
; Analysis & Synthesis Settings                                                                                             ;
+---------------------------------------------------------------------------------+--------------------+--------------------+
; Option                                                                          ; Setting            ; Default Value      ;
+---------------------------------------------------------------------------------+--------------------+--------------------+
; Device                                                                          ; 5CSXFC6D6F31C6     ;                    ;
; Top-level entity name                                                           ; bus                ; bus                ;
; Family name                                                                     ; Cyclone V          ; Cyclone V          ;
; Use smart compilation                                                           ; Off                ; Off                ;
; Enable parallel Assembler and Timing Analyzer during compilation                ; On                 ; On                 ;
; Enable compact report table                                                     ; Off                ; Off                ;
; Restructure Multiplexers                                                        ; Auto               ; Auto               ;
; MLAB Add Timing Constraints For Mixed-Port Feed-Through Mode Setting Don't Care ; Off                ; Off                ;
; Create Debugging Nodes for IP Cores                                             ; Off                ; Off                ;
; Preserve fewer node names                                                       ; On                 ; On                 ;
; Intel FPGA IP Evaluation Mode                                                   ; Enable             ; Enable             ;
; Verilog Version                                                                 ; Verilog_2001       ; Verilog_2001       ;
; VHDL Version                                                                    ; VHDL_1993          ; VHDL_1993          ;
; State Machine Processing                                                        ; Auto               ; Auto               ;
; Safe State Machine                                                              ; Off                ; Off                ;
; Extract Verilog State Machines                                                  ; On                 ; On                 ;
; Extract VHDL State Machines                                                     ; On                 ; On                 ;
; Ignore Verilog initial constructs                                               ; Off                ; Off                ;
; Iteration limit for constant Verilog loops                                      ; 5000               ; 5000               ;
; Iteration limit for non-constant Verilog loops                                  ; 250                ; 250                ;
; Add Pass-Through Logic to Inferred RAMs                                         ; On                 ; On                 ;
; Infer RAMs from Raw Logic                                                       ; On                 ; On                 ;
; Parallel Synthesis                                                              ; On                 ; On                 ;
; DSP Block Balancing                                                             ; Auto               ; Auto               ;
; NOT Gate Push-Back                                                              ; On                 ; On                 ;
; Power-Up Don't Care                                                             ; On                 ; On                 ;
; Remove Redundant Logic Cells                                                    ; Off                ; Off                ;
; Remove Duplicate Registers                                                      ; On                 ; On                 ;
; Ignore CARRY Buffers                                                            ; Off                ; Off                ;
; Ignore CASCADE Buffers                                                          ; Off                ; Off                ;
; Ignore GLOBAL Buffers                                                           ; Off                ; Off                ;
; Ignore ROW GLOBAL Buffers                                                       ; Off                ; Off                ;
; Ignore LCELL Buffers                                                            ; Off                ; Off                ;
; Ignore SOFT Buffers                                                             ; On                 ; On                 ;
; Limit AHDL Integers to 32 Bits                                                  ; Off                ; Off                ;
; Optimization Technique                                                          ; Balanced           ; Balanced           ;
; Carry Chain Length                                                              ; 70                 ; 70                 ;
; Auto Carry Chains                                                               ; On                 ; On                 ;
; Auto Open-Drain Pins                                                            ; On                 ; On                 ;
; Perform WYSIWYG Primitive Resynthesis                                           ; Off                ; Off                ;
; Auto ROM Replacement                                                            ; On                 ; On                 ;
; Auto RAM Replacement                                                            ; On                 ; On                 ;
; Auto DSP Block Replacement                                                      ; On                 ; On                 ;
; Auto Shift Register Replacement                                                 ; Auto               ; Auto               ;
; Allow Shift Register Merging across Hierarchies                                 ; Auto               ; Auto               ;
; Auto Clock Enable Replacement                                                   ; On                 ; On                 ;
; Strict RAM Replacement                                                          ; Off                ; Off                ;
; Allow Synchronous Control Signals                                               ; On                 ; On                 ;
; Force Use of Synchronous Clear Signals                                          ; Off                ; Off                ;
; Auto Resource Sharing                                                           ; Off                ; Off                ;
; Allow Any RAM Size For Recognition                                              ; Off                ; Off                ;
; Allow Any ROM Size For Recognition                                              ; Off                ; Off                ;
; Allow Any Shift Register Size For Recognition                                   ; Off                ; Off                ;
; Use LogicLock Constraints during Resource Balancing                             ; On                 ; On                 ;
; Ignore translate_off and synthesis_off directives                               ; Off                ; Off                ;
; Timing-Driven Synthesis                                                         ; On                 ; On                 ;
; Report Parameter Settings                                                       ; On                 ; On                 ;
; Report Source Assignments                                                       ; On                 ; On                 ;
; Report Connectivity Checks                                                      ; On                 ; On                 ;
; Ignore Maximum Fan-Out Assignments                                              ; Off                ; Off                ;
; Synchronization Register Chain Length                                           ; 3                  ; 3                  ;
; Power Optimization During Synthesis                                             ; Normal compilation ; Normal compilation ;
; HDL message level                                                               ; Level2             ; Level2             ;
; Suppress Register Optimization Related Messages                                 ; Off                ; Off                ;
; Number of Removed Registers Reported in Synthesis Report                        ; 5000               ; 5000               ;
; Number of Swept Nodes Reported in Synthesis Report                              ; 5000               ; 5000               ;
; Number of Inverted Registers Reported in Synthesis Report                       ; 100                ; 100                ;
; Clock MUX Protection                                                            ; On                 ; On                 ;
; Auto Gated Clock Conversion                                                     ; Off                ; Off                ;
; Block Design Naming                                                             ; Auto               ; Auto               ;
; SDC constraint protection                                                       ; Off                ; Off                ;
; Synthesis Effort                                                                ; Auto               ; Auto               ;
; Shift Register Replacement - Allow Asynchronous Clear Signal                    ; On                 ; On                 ;
; Pre-Mapping Resynthesis Optimization                                            ; Off                ; Off                ;
; Analysis & Synthesis Message Level                                              ; Medium             ; Medium             ;
; Disable Register Merging Across Hierarchies                                     ; Auto               ; Auto               ;
; Resource Aware Inference For Block RAM                                          ; On                 ; On                 ;
; Automatic Parallel Synthesis                                                    ; On                 ; On                 ;
; Partial Reconfiguration Bitstream ID                                            ; Off                ; Off                ;
+---------------------------------------------------------------------------------+--------------------+--------------------+


+------------------------------------------+
; Parallel Compilation                     ;
+----------------------------+-------------+
; Processors                 ; Number      ;
+----------------------------+-------------+
; Number detected on machine ; 8           ;
; Maximum allowed            ; 4           ;
;                            ;             ;
; Average used               ; 1.00        ;
; Maximum used               ; 4           ;
;                            ;             ;
; Usage by Processor         ; % Time Used ;
;     Processor 1            ; 100.0%      ;
;     Processors 2-4         ;   0.0%      ;
+----------------------------+-------------+


+--------------------------------------------------------------------------------------------------------------------------------------------+
; Analysis & Synthesis Source Files Read                                                                                                     ;
+----------------------------------+-----------------+------------------------+----------------------------------------------------+---------+
; File Name with User-Entered Path ; Used in Netlist ; File Type              ; File Name with Absolute Path                       ; Library ;
+----------------------------------+-----------------+------------------------+----------------------------------------------------+---------+
; mux2.v                           ; yes             ; User Verilog HDL File  ; C:/intelFPGA_lite/18.1/Assignment10-1/mux2.v       ;         ;
; mux2_8bit.v                      ; yes             ; User Verilog HDL File  ; C:/intelFPGA_lite/18.1/Assignment10-1/mux2_8bit.v  ;         ;
; mux2_32bit.v                     ; yes             ; User Verilog HDL File  ; C:/intelFPGA_lite/18.1/Assignment10-1/mux2_32bit.v ;         ;
; mux3_32bit.v                     ; yes             ; User Verilog HDL File  ; C:/intelFPGA_lite/18.1/Assignment10-1/mux3_32bit.v ;         ;
; bus_addr.v                       ; yes             ; User Verilog HDL File  ; C:/intelFPGA_lite/18.1/Assignment10-1/bus_addr.v   ;         ;
; bus_arbit.v                      ; yes             ; User Verilog HDL File  ; C:/intelFPGA_lite/18.1/Assignment10-1/bus_arbit.v  ;         ;
; bus.v                            ; yes             ; User Verilog HDL File  ; C:/intelFPGA_lite/18.1/Assignment10-1/bus.v        ;         ;
; dff_2bit_r.v                     ; yes             ; User Verilog HDL File  ; C:/intelFPGA_lite/18.1/Assignment10-1/dff_2bit_r.v ;         ;
+----------------------------------+-----------------+------------------------+----------------------------------------------------+---------+


+------------------------------------------------------------------------------+
; Analysis & Synthesis Resource Usage Summary                                  ;
+---------------------------------------------+--------------------------------+
; Resource                                    ; Usage                          ;
+---------------------------------------------+--------------------------------+
; Estimate of Logic utilization (ALMs needed) ; 40                             ;
;                                             ;                                ;
; Combinational ALUT usage for logic          ; 78                             ;
;     -- 7 input functions                    ; 1                              ;
;     -- 6 input functions                    ; 0                              ;
;     -- 5 input functions                    ; 0                              ;
;     -- 4 input functions                    ; 32                             ;
;     -- <=3 input functions                  ; 45                             ;
;                                             ;                                ;
; Dedicated logic registers                   ; 6                              ;
;                                             ;                                ;
; I/O pins                                    ; 227                            ;
;                                             ;                                ;
; Total DSP Blocks                            ; 0                              ;
;                                             ;                                ;
; Maximum fan-out node                        ; bus_arbit:int_bus_arb|m1_grant ;
; Maximum fan-out                             ; 43                             ;
; Total fan-out                               ; 585                            ;
; Average fan-out                             ; 1.09                           ;
+---------------------------------------------+--------------------------------+


+-------------------------------------------------------------------------------------------------------------------------------------------------------------------------------------------------+
; Analysis & Synthesis Resource Utilization by Entity                                                                                                                                             ;
+-----------------------------+---------------------+---------------------------+-------------------+------------+------+--------------+-----------------------------+-------------+--------------+
; Compilation Hierarchy Node  ; Combinational ALUTs ; Dedicated Logic Registers ; Block Memory Bits ; DSP Blocks ; Pins ; Virtual Pins ; Full Hierarchy Name         ; Entity Name ; Library Name ;
+-----------------------------+---------------------+---------------------------+-------------------+------------+------+--------------+-----------------------------+-------------+--------------+
; |bus                        ; 78 (0)              ; 6 (0)                     ; 0                 ; 0          ; 227  ; 0            ; |bus                        ; bus         ; work         ;
;    |bus_addr:ins_bus_addr|  ; 2 (2)               ; 0 (0)                     ; 0                 ; 0          ; 0    ; 0            ; |bus|bus_addr:ins_bus_addr  ; bus_addr    ; work         ;
;    |bus_arbit:int_bus_arb|  ; 2 (2)               ; 4 (4)                     ; 0                 ; 0          ; 0    ; 0            ; |bus|bus_arbit:int_bus_arb  ; bus_arbit   ; work         ;
;    |dff_2bit_r:ins_dff_2|   ; 1 (1)               ; 2 (2)                     ; 0                 ; 0          ; 0    ; 0            ; |bus|dff_2bit_r:ins_dff_2   ; dff_2bit_r  ; work         ;
;    |mux2:ins_mux2|          ; 1 (1)               ; 0 (0)                     ; 0                 ; 0          ; 0    ; 0            ; |bus|mux2:ins_mux2          ; mux2        ; work         ;
;    |mux2_32bit:ins_mux2_32| ; 32 (32)             ; 0 (0)                     ; 0                 ; 0          ; 0    ; 0            ; |bus|mux2_32bit:ins_mux2_32 ; mux2_32bit  ; work         ;
;    |mux2_8bit:ins_mux2_8|   ; 8 (8)               ; 0 (0)                     ; 0                 ; 0          ; 0    ; 0            ; |bus|mux2_8bit:ins_mux2_8   ; mux2_8bit   ; work         ;
;    |mux3_32bit:ins_mux3_32| ; 32 (32)             ; 0 (0)                     ; 0                 ; 0          ; 0    ; 0            ; |bus|mux3_32bit:ins_mux3_32 ; mux3_32bit  ; work         ;
+-----------------------------+---------------------+---------------------------+-------------------+------------+------+--------------+-----------------------------+-------------+--------------+
Note: For table entries with two numbers listed, the numbers in parentheses indicate the number of resources of the given type used by the specific entity alone. The numbers listed outside of parentheses indicate the total resources of the given type used by the specific entity and all of its sub-entities in the hierarchy.


+------------------------------------------------------+
; General Register Statistics                          ;
+----------------------------------------------+-------+
; Statistic                                    ; Value ;
+----------------------------------------------+-------+
; Total registers                              ; 6     ;
; Number of registers using Synchronous Clear  ; 0     ;
; Number of registers using Synchronous Load   ; 0     ;
; Number of registers using Asynchronous Clear ; 3     ;
; Number of registers using Asynchronous Load  ; 0     ;
; Number of registers using Clock Enable       ; 0     ;
; Number of registers using Preset             ; 0     ;
+----------------------------------------------+-------+


+------------------------------------------------------------------------------------------------------------------------------------------------+
; Multiplexer Restructuring Statistics (Restructuring Performed)                                                                                 ;
+--------------------+-----------+---------------+----------------------+------------------------+------------+----------------------------------+
; Multiplexer Inputs ; Bus Width ; Baseline Area ; Area if Restructured ; Saving if Restructured ; Registered ; Example Multiplexer Output       ;
+--------------------+-----------+---------------+----------------------+------------------------+------------+----------------------------------+
; 3:1                ; 32 bits   ; 64 LEs        ; 64 LEs               ; 0 LEs                  ; No         ; |bus|mux3_32bit:ins_mux3_32|y[0] ;
+--------------------+-----------+---------------+----------------------+------------------------+------------+----------------------------------+


+--------------------------------------------------------------------+
; Parameter Settings for User Entity Instance: bus_arbit:int_bus_arb ;
+----------------+-------+-------------------------------------------+
; Parameter Name ; Value ; Type                                      ;
+----------------+-------+-------------------------------------------+
; M0             ; 0     ; Unsigned Binary                           ;
; M1             ; 1     ; Unsigned Binary                           ;
+----------------+-------+-------------------------------------------+
Note: In order to hide this table in the UI and the text report file, please set the "Show Parameter Settings in Synthesis Report" option in "Analysis and Synthesis Settings -> More Settings" to "Off".


+----------------------------------------------------+
; Port Connectivity Checks: "mux3_32bit:ins_mux3_32" ;
+------+-------+----------+--------------------------+
; Port ; Type  ; Severity ; Details                  ;
+------+-------+----------+--------------------------+
; d0   ; Input ; Info     ; Stuck at GND             ;
+------+-------+----------+--------------------------+


+-----------------------------------------------------+
; Post-Synthesis Netlist Statistics for Top Partition ;
+-----------------------+-----------------------------+
; Type                  ; Count                       ;
+-----------------------+-----------------------------+
; arriav_ff             ; 6                           ;
;     CLR               ; 3                           ;
;     plain             ; 3                           ;
; arriav_lcell_comb     ; 79                          ;
;     extend            ; 1                           ;
;         7 data inputs ; 1                           ;
;     normal            ; 78                          ;
;         1 data inputs ; 3                           ;
;         3 data inputs ; 43                          ;
;         4 data inputs ; 32                          ;
; boundary_port         ; 227                         ;
;                       ;                             ;
; Max LUT depth         ; 3.00                        ;
; Average LUT depth     ; 1.10                        ;
+-----------------------+-----------------------------+


+-------------------------------+
; Elapsed Time Per Partition    ;
+----------------+--------------+
; Partition Name ; Elapsed Time ;
+----------------+--------------+
; Top            ; 00:00:00     ;
+----------------+--------------+


+-------------------------------+
; Analysis & Synthesis Messages ;
+-------------------------------+
Info: *******************************************************************
Info: Running Quartus Prime Analysis & Synthesis
    Info: Version 18.1.0 Build 625 09/12/2018 SJ Lite Edition
    Info: Processing started: Sat Nov 25 19:33:59 2023
Info: Command: quartus_map --read_settings_files=on --write_settings_files=off bus -c bus
Warning (18236): Number of processors has not been specified which may cause overloading on shared machines.  Set the global assignment NUM_PARALLEL_PROCESSORS in your QSF to an appropriate value for best performance.
Info (20030): Parallel compilation is enabled and will use 4 of the 4 processors detected
Info (12021): Found 1 design units, including 1 entities, in source file mux2.v
    Info (12023): Found entity 1: mux2 File: C:/intelFPGA_lite/18.1/Assignment10-1/mux2.v Line: 1
Info (12021): Found 1 design units, including 1 entities, in source file mux2_8bit.v
    Info (12023): Found entity 1: mux2_8bit File: C:/intelFPGA_lite/18.1/Assignment10-1/mux2_8bit.v Line: 1
Info (12021): Found 1 design units, including 1 entities, in source file mux2_32bit.v
    Info (12023): Found entity 1: mux2_32bit File: C:/intelFPGA_lite/18.1/Assignment10-1/mux2_32bit.v Line: 1
Info (12021): Found 1 design units, including 1 entities, in source file mux3_32bit.v
    Info (12023): Found entity 1: mux3_32bit File: C:/intelFPGA_lite/18.1/Assignment10-1/mux3_32bit.v Line: 1
Info (12021): Found 1 design units, including 1 entities, in source file bus_addr.v
    Info (12023): Found entity 1: bus_addr File: C:/intelFPGA_lite/18.1/Assignment10-1/bus_addr.v Line: 1
Info (12021): Found 1 design units, including 1 entities, in source file bus_arbit.v
    Info (12023): Found entity 1: bus_arbit File: C:/intelFPGA_lite/18.1/Assignment10-1/bus_arbit.v Line: 1
Info (12021): Found 1 design units, including 1 entities, in source file bus.v
    Info (12023): Found entity 1: bus File: C:/intelFPGA_lite/18.1/Assignment10-1/bus.v Line: 2
Info (12021): Found 1 design units, including 1 entities, in source file dff_2bit_r.v
    Info (12023): Found entity 1: dff_2bit_r File: C:/intelFPGA_lite/18.1/Assignment10-1/dff_2bit_r.v Line: 1
Info (12021): Found 1 design units, including 1 entities, in source file tb_bus.v
    Info (12023): Found entity 1: tb_bus File: C:/intelFPGA_lite/18.1/Assignment10-1/tb_bus.v Line: 3
Info (12127): Elaborating entity "bus" for the top level hierarchy
Info (12128): Elaborating entity "bus_arbit" for hierarchy "bus_arbit:int_bus_arb" File: C:/intelFPGA_lite/18.1/Assignment10-1/bus.v Line: 25
Info (12128): Elaborating entity "bus_addr" for hierarchy "bus_addr:ins_bus_addr" File: C:/intelFPGA_lite/18.1/Assignment10-1/bus.v Line: 28
Info (12128): Elaborating entity "mux2" for hierarchy "mux2:ins_mux2" File: C:/intelFPGA_lite/18.1/Assignment10-1/bus.v Line: 31
Info (12128): Elaborating entity "mux2_8bit" for hierarchy "mux2_8bit:ins_mux2_8" File: C:/intelFPGA_lite/18.1/Assignment10-1/bus.v Line: 32
Info (12128): Elaborating entity "mux2_32bit" for hierarchy "mux2_32bit:ins_mux2_32" File: C:/intelFPGA_lite/18.1/Assignment10-1/bus.v Line: 33
Info (12128): Elaborating entity "dff_2bit_r" for hierarchy "dff_2bit_r:ins_dff_2" File: C:/intelFPGA_lite/18.1/Assignment10-1/bus.v Line: 36
Info (12128): Elaborating entity "mux3_32bit" for hierarchy "mux3_32bit:ins_mux3_32" File: C:/intelFPGA_lite/18.1/Assignment10-1/bus.v Line: 39
Info (286030): Timing-Driven Synthesis is running
Info (16010): Generating hard_block partition "hard_block:auto_generated_inst"
    Info (16011): Adding 0 node(s), including 0 DDIO, 0 PLL, 0 transceiver and 0 LCELL
Info (21057): Implemented 308 device resources after synthesis - the final resource count might be different
    Info (21058): Implemented 150 input pins
    Info (21059): Implemented 77 output pins
    Info (21061): Implemented 81 logic cells
Info: Quartus Prime Analysis & Synthesis was successful. 0 errors, 1 warning
    Info: Peak virtual memory: 4825 megabytes
    Info: Processing ended: Sat Nov 25 19:34:20 2023
    Info: Elapsed time: 00:00:21
    Info: Total CPU time (on all processors): 00:00:36


