Analysis & Synthesis report for _register32
Mon Oct 16 05:15:32 2023
Quartus Prime Version 18.1.0 Build 625 09/12/2018 SJ Lite Edition


---------------------
; Table of Contents ;
---------------------
  1. Legal Notice
  2. Analysis & Synthesis Summary
  3. Analysis & Synthesis Settings
  4. Parallel Compilation
  5. Analysis & Synthesis Source Files Read
  6. Analysis & Synthesis Resource Usage Summary
  7. Analysis & Synthesis Resource Utilization by Entity
  8. General Register Statistics
  9. Port Connectivity Checks: "_register8:u0_register8|_dff:u7_dff"
 10. Port Connectivity Checks: "_register8:u0_register8|_dff:u6_dff"
 11. Port Connectivity Checks: "_register8:u0_register8|_dff:u5_dff"
 12. Port Connectivity Checks: "_register8:u0_register8|_dff:u4_dff"
 13. Port Connectivity Checks: "_register8:u0_register8|_dff:u3_dff"
 14. Port Connectivity Checks: "_register8:u0_register8|_dff:u2_dff"
 15. Port Connectivity Checks: "_register8:u0_register8|_dff:u1_dff"
 16. Port Connectivity Checks: "_register8:u0_register8|_dff:u0_dff|_dlatch:u1_dlatch"
 17. Port Connectivity Checks: "_register8:u0_register8|_dff:u0_dff"
 18. Post-Synthesis Netlist Statistics for Top Partition
 19. Elapsed Time Per Partition
 20. Analysis & Synthesis Messages



----------------
; Legal Notice ;
----------------
Copyright (C) 2018  Intel Corporation. All rights reserved.
Your use of Intel Corporation's design tools, logic functions 
and other software and tools, and its AMPP partner logic 
functions, and any output files from any of the foregoing 
(including device programming or simulation files), and any 
associated documentation or information are expressly subject 
to the terms and conditions of the Intel Program License 
Subscription Agreement, the Intel Quartus Prime License Agreement,
the Intel FPGA IP License Agreement, or other applicable license
agreement, including, without limitation, that your use is for
the sole purpose of programming logic devices manufactured by
Intel and sold by Intel or its authorized distributors.  Please
refer to the applicable agreement for further details.



+-------------------------------------------------------------------------------+
; Analysis & Synthesis Summary                                                  ;
+---------------------------------+---------------------------------------------+
; Analysis & Synthesis Status     ; Successful - Mon Oct 16 05:15:32 2023       ;
; Quartus Prime Version           ; 18.1.0 Build 625 09/12/2018 SJ Lite Edition ;
; Revision Name                   ; _register32                                 ;
; Top-level Entity Name           ; _register32                                 ;
; Family                          ; Cyclone V                                   ;
; Logic utilization (in ALMs)     ; N/A                                         ;
; Total registers                 ; 0                                           ;
; Total pins                      ; 65                                          ;
; Total virtual pins              ; 0                                           ;
; Total block memory bits         ; 0                                           ;
; Total DSP Blocks                ; 0                                           ;
; Total HSSI RX PCSs              ; 0                                           ;
; Total HSSI PMA RX Deserializers ; 0                                           ;
; Total HSSI TX PCSs              ; 0                                           ;
; Total HSSI PMA TX Serializers   ; 0                                           ;
; Total PLLs                      ; 0                                           ;
; Total DLLs                      ; 0                                           ;
+---------------------------------+---------------------------------------------+


+---------------------------------------------------------------------------------------------------------------------------+
; Analysis & Synthesis Settings                                                                                             ;
+---------------------------------------------------------------------------------+--------------------+--------------------+
; Option                                                                          ; Setting            ; Default Value      ;
+---------------------------------------------------------------------------------+--------------------+--------------------+
; Device                                                                          ; 5CGXFC7C7F23C8     ;                    ;
; Top-level entity name                                                           ; _register32        ; _register32        ;
; Family name                                                                     ; Cyclone V          ; Cyclone V          ;
; Use smart compilation                                                           ; Off                ; Off                ;
; Enable parallel Assembler and Timing Analyzer during compilation                ; On                 ; On                 ;
; Enable compact report table                                                     ; Off                ; Off                ;
; Restructure Multiplexers                                                        ; Auto               ; Auto               ;
; MLAB Add Timing Constraints For Mixed-Port Feed-Through Mode Setting Don't Care ; Off                ; Off                ;
; Create Debugging Nodes for IP Cores                                             ; Off                ; Off                ;
; Preserve fewer node names                                                       ; On                 ; On                 ;
; Intel FPGA IP Evaluation Mode                                                   ; Enable             ; Enable             ;
; Verilog Version                                                                 ; Verilog_2001       ; Verilog_2001       ;
; VHDL Version                                                                    ; VHDL_1993          ; VHDL_1993          ;
; State Machine Processing                                                        ; Auto               ; Auto               ;
; Safe State Machine                                                              ; Off                ; Off                ;
; Extract Verilog State Machines                                                  ; On                 ; On                 ;
; Extract VHDL State Machines                                                     ; On                 ; On                 ;
; Ignore Verilog initial constructs                                               ; Off                ; Off                ;
; Iteration limit for constant Verilog loops                                      ; 5000               ; 5000               ;
; Iteration limit for non-constant Verilog loops                                  ; 250                ; 250                ;
; Add Pass-Through Logic to Inferred RAMs                                         ; On                 ; On                 ;
; Infer RAMs from Raw Logic                                                       ; On                 ; On                 ;
; Parallel Synthesis                                                              ; On                 ; On                 ;
; DSP Block Balancing                                                             ; Auto               ; Auto               ;
; NOT Gate Push-Back                                                              ; On                 ; On                 ;
; Power-Up Don't Care                                                             ; On                 ; On                 ;
; Remove Redundant Logic Cells                                                    ; Off                ; Off                ;
; Remove Duplicate Registers                                                      ; On                 ; On                 ;
; Ignore CARRY Buffers                                                            ; Off                ; Off                ;
; Ignore CASCADE Buffers                                                          ; Off                ; Off                ;
; Ignore GLOBAL Buffers                                                           ; Off                ; Off                ;
; Ignore ROW GLOBAL Buffers                                                       ; Off                ; Off                ;
; Ignore LCELL Buffers                                                            ; Off                ; Off                ;
; Ignore SOFT Buffers                                                             ; On                 ; On                 ;
; Limit AHDL Integers to 32 Bits                                                  ; Off                ; Off                ;
; Optimization Technique                                                          ; Balanced           ; Balanced           ;
; Carry Chain Length                                                              ; 70                 ; 70                 ;
; Auto Carry Chains                                                               ; On                 ; On                 ;
; Auto Open-Drain Pins                                                            ; On                 ; On                 ;
; Perform WYSIWYG Primitive Resynthesis                                           ; Off                ; Off                ;
; Auto ROM Replacement                                                            ; On                 ; On                 ;
; Auto RAM Replacement                                                            ; On                 ; On                 ;
; Auto DSP Block Replacement                                                      ; On                 ; On                 ;
; Auto Shift Register Replacement                                                 ; Auto               ; Auto               ;
; Allow Shift Register Merging across Hierarchies                                 ; Auto               ; Auto               ;
; Auto Clock Enable Replacement                                                   ; On                 ; On                 ;
; Strict RAM Replacement                                                          ; Off                ; Off                ;
; Allow Synchronous Control Signals                                               ; On                 ; On                 ;
; Force Use of Synchronous Clear Signals                                          ; Off                ; Off                ;
; Auto Resource Sharing                                                           ; Off                ; Off                ;
; Allow Any RAM Size For Recognition                                              ; Off                ; Off                ;
; Allow Any ROM Size For Recognition                                              ; Off                ; Off                ;
; Allow Any Shift Register Size For Recognition                                   ; Off                ; Off                ;
; Use LogicLock Constraints during Resource Balancing                             ; On                 ; On                 ;
; Ignore translate_off and synthesis_off directives                               ; Off                ; Off                ;
; Timing-Driven Synthesis                                                         ; On                 ; On                 ;
; Report Parameter Settings                                                       ; On                 ; On                 ;
; Report Source Assignments                                                       ; On                 ; On                 ;
; Report Connectivity Checks                                                      ; On                 ; On                 ;
; Ignore Maximum Fan-Out Assignments                                              ; Off                ; Off                ;
; Synchronization Register Chain Length                                           ; 3                  ; 3                  ;
; Power Optimization During Synthesis                                             ; Normal compilation ; Normal compilation ;
; HDL message level                                                               ; Level2             ; Level2             ;
; Suppress Register Optimization Related Messages                                 ; Off                ; Off                ;
; Number of Removed Registers Reported in Synthesis Report                        ; 5000               ; 5000               ;
; Number of Swept Nodes Reported in Synthesis Report                              ; 5000               ; 5000               ;
; Number of Inverted Registers Reported in Synthesis Report                       ; 100                ; 100                ;
; Clock MUX Protection                                                            ; On                 ; On                 ;
; Auto Gated Clock Conversion                                                     ; Off                ; Off                ;
; Block Design Naming                                                             ; Auto               ; Auto               ;
; SDC constraint protection                                                       ; Off                ; Off                ;
; Synthesis Effort                                                                ; Auto               ; Auto               ;
; Shift Register Replacement - Allow Asynchronous Clear Signal                    ; On                 ; On                 ;
; Pre-Mapping Resynthesis Optimization                                            ; Off                ; Off                ;
; Analysis & Synthesis Message Level                                              ; Medium             ; Medium             ;
; Disable Register Merging Across Hierarchies                                     ; Auto               ; Auto               ;
; Resource Aware Inference For Block RAM                                          ; On                 ; On                 ;
; Automatic Parallel Synthesis                                                    ; On                 ; On                 ;
; Partial Reconfiguration Bitstream ID                                            ; Off                ; Off                ;
+---------------------------------------------------------------------------------+--------------------+--------------------+


+------------------------------------------+
; Parallel Compilation                     ;
+----------------------------+-------------+
; Processors                 ; Number      ;
+----------------------------+-------------+
; Number detected on machine ; 8           ;
; Maximum allowed            ; 4           ;
;                            ;             ;
; Average used               ; 1.00        ;
; Maximum used               ; 1           ;
;                            ;             ;
; Usage by Processor         ; % Time Used ;
;     Processor 1            ; 100.0%      ;
+----------------------------+-------------+


+------------------------------------------------------------------------------------------------------------------------------------------+
; Analysis & Synthesis Source Files Read                                                                                                   ;
+----------------------------------+-----------------+------------------------+--------------------------------------------------+---------+
; File Name with User-Entered Path ; Used in Netlist ; File Type              ; File Name with Absolute Path                     ; Library ;
+----------------------------------+-----------------+------------------------+--------------------------------------------------+---------+
; gates.v                          ; yes             ; User Verilog HDL File  ; C:/intelFPGA_lite/18.1/Assignment5/gates.v       ;         ;
; _dlatch.v                        ; yes             ; User Verilog HDL File  ; C:/intelFPGA_lite/18.1/Assignment5/_dlatch.v     ;         ;
; _dff.v                           ; yes             ; User Verilog HDL File  ; C:/intelFPGA_lite/18.1/Assignment5/_dff.v        ;         ;
; _register8.v                     ; yes             ; User Verilog HDL File  ; C:/intelFPGA_lite/18.1/Assignment5/_register8.v  ;         ;
; _register32.v                    ; yes             ; User Verilog HDL File  ; C:/intelFPGA_lite/18.1/Assignment5/_register32.v ;         ;
+----------------------------------+-----------------+------------------------+--------------------------------------------------+---------+


+-----------------------------------------------------+
; Analysis & Synthesis Resource Usage Summary         ;
+---------------------------------------------+-------+
; Resource                                    ; Usage ;
+---------------------------------------------+-------+
; Estimate of Logic utilization (ALMs needed) ; 0     ;
;                                             ;       ;
; Combinational ALUT usage for logic          ; 0     ;
;     -- 7 input functions                    ; 0     ;
;     -- 6 input functions                    ; 0     ;
;     -- 5 input functions                    ; 0     ;
;     -- 4 input functions                    ; 0     ;
;     -- <=3 input functions                  ; 0     ;
;                                             ;       ;
; Dedicated logic registers                   ; 0     ;
;                                             ;       ;
; I/O pins                                    ; 65    ;
;                                             ;       ;
; Total DSP Blocks                            ; 0     ;
;                                             ;       ;
; Maximum fan-out node                        ; clk   ;
; Maximum fan-out                             ; 1     ;
; Total fan-out                               ; 65    ;
; Average fan-out                             ; 0.50  ;
+---------------------------------------------+-------+


+----------------------------------------------------------------------------------------------------------------------------------------------------------------------------------------+
; Analysis & Synthesis Resource Utilization by Entity                                                                                                                                    ;
+----------------------------+---------------------+---------------------------+-------------------+------------+------+--------------+---------------------+-------------+--------------+
; Compilation Hierarchy Node ; Combinational ALUTs ; Dedicated Logic Registers ; Block Memory Bits ; DSP Blocks ; Pins ; Virtual Pins ; Full Hierarchy Name ; Entity Name ; Library Name ;
+----------------------------+---------------------+---------------------------+-------------------+------------+------+--------------+---------------------+-------------+--------------+
; |_register32               ; 0 (0)               ; 0 (0)                     ; 0                 ; 0          ; 65   ; 0            ; |_register32        ; _register32 ; work         ;
+----------------------------+---------------------+---------------------------+-------------------+------------+------+--------------+---------------------+-------------+--------------+
Note: For table entries with two numbers listed, the numbers in parentheses indicate the number of resources of the given type used by the specific entity alone. The numbers listed outside of parentheses indicate the total resources of the given type used by the specific entity and all of its sub-entities in the hierarchy.


+------------------------------------------------------+
; General Register Statistics                          ;
+----------------------------------------------+-------+
; Statistic                                    ; Value ;
+----------------------------------------------+-------+
; Total registers                              ; 0     ;
; Number of registers using Synchronous Clear  ; 0     ;
; Number of registers using Synchronous Load   ; 0     ;
; Number of registers using Asynchronous Clear ; 0     ;
; Number of registers using Asynchronous Load  ; 0     ;
; Number of registers using Clock Enable       ; 0     ;
; Number of registers using Preset             ; 0     ;
+----------------------------------------------+-------+


+--------------------------------------------------------------------------------------------------------------------------------------+
; Port Connectivity Checks: "_register8:u0_register8|_dff:u7_dff"                                                                      ;
+-------+--------+----------+----------------------------------------------------------------------------------------------------------+
; Port  ; Type   ; Severity ; Details                                                                                                  ;
+-------+--------+----------+----------------------------------------------------------------------------------------------------------+
; q     ; Output ; Info     ; Connected to dangling logic. Logic that only feeds a dangling port will be removed.                      ;
; q_bar ; Output ; Warning  ; Declared by entity but not connected by instance. Logic that only feeds a dangling port will be removed. ;
+-------+--------+----------+----------------------------------------------------------------------------------------------------------+


+--------------------------------------------------------------------------------------------------------------------------------------+
; Port Connectivity Checks: "_register8:u0_register8|_dff:u6_dff"                                                                      ;
+-------+--------+----------+----------------------------------------------------------------------------------------------------------+
; Port  ; Type   ; Severity ; Details                                                                                                  ;
+-------+--------+----------+----------------------------------------------------------------------------------------------------------+
; q     ; Output ; Info     ; Connected to dangling logic. Logic that only feeds a dangling port will be removed.                      ;
; q_bar ; Output ; Warning  ; Declared by entity but not connected by instance. Logic that only feeds a dangling port will be removed. ;
+-------+--------+----------+----------------------------------------------------------------------------------------------------------+


+--------------------------------------------------------------------------------------------------------------------------------------+
; Port Connectivity Checks: "_register8:u0_register8|_dff:u5_dff"                                                                      ;
+-------+--------+----------+----------------------------------------------------------------------------------------------------------+
; Port  ; Type   ; Severity ; Details                                                                                                  ;
+-------+--------+----------+----------------------------------------------------------------------------------------------------------+
; q     ; Output ; Info     ; Connected to dangling logic. Logic that only feeds a dangling port will be removed.                      ;
; q_bar ; Output ; Warning  ; Declared by entity but not connected by instance. Logic that only feeds a dangling port will be removed. ;
+-------+--------+----------+----------------------------------------------------------------------------------------------------------+


+--------------------------------------------------------------------------------------------------------------------------------------+
; Port Connectivity Checks: "_register8:u0_register8|_dff:u4_dff"                                                                      ;
+-------+--------+----------+----------------------------------------------------------------------------------------------------------+
; Port  ; Type   ; Severity ; Details                                                                                                  ;
+-------+--------+----------+----------------------------------------------------------------------------------------------------------+
; q     ; Output ; Info     ; Connected to dangling logic. Logic that only feeds a dangling port will be removed.                      ;
; q_bar ; Output ; Warning  ; Declared by entity but not connected by instance. Logic that only feeds a dangling port will be removed. ;
+-------+--------+----------+----------------------------------------------------------------------------------------------------------+


+--------------------------------------------------------------------------------------------------------------------------------------+
; Port Connectivity Checks: "_register8:u0_register8|_dff:u3_dff"                                                                      ;
+-------+--------+----------+----------------------------------------------------------------------------------------------------------+
; Port  ; Type   ; Severity ; Details                                                                                                  ;
+-------+--------+----------+----------------------------------------------------------------------------------------------------------+
; q     ; Output ; Info     ; Connected to dangling logic. Logic that only feeds a dangling port will be removed.                      ;
; q_bar ; Output ; Warning  ; Declared by entity but not connected by instance. Logic that only feeds a dangling port will be removed. ;
+-------+--------+----------+----------------------------------------------------------------------------------------------------------+


+--------------------------------------------------------------------------------------------------------------------------------------+
; Port Connectivity Checks: "_register8:u0_register8|_dff:u2_dff"                                                                      ;
+-------+--------+----------+----------------------------------------------------------------------------------------------------------+
; Port  ; Type   ; Severity ; Details                                                                                                  ;
+-------+--------+----------+----------------------------------------------------------------------------------------------------------+
; q     ; Output ; Info     ; Connected to dangling logic. Logic that only feeds a dangling port will be removed.                      ;
; q_bar ; Output ; Warning  ; Declared by entity but not connected by instance. Logic that only feeds a dangling port will be removed. ;
+-------+--------+----------+----------------------------------------------------------------------------------------------------------+


+--------------------------------------------------------------------------------------------------------------------------------------+
; Port Connectivity Checks: "_register8:u0_register8|_dff:u1_dff"                                                                      ;
+-------+--------+----------+----------------------------------------------------------------------------------------------------------+
; Port  ; Type   ; Severity ; Details                                                                                                  ;
+-------+--------+----------+----------------------------------------------------------------------------------------------------------+
; q     ; Output ; Info     ; Connected to dangling logic. Logic that only feeds a dangling port will be removed.                      ;
; q_bar ; Output ; Warning  ; Declared by entity but not connected by instance. Logic that only feeds a dangling port will be removed. ;
+-------+--------+----------+----------------------------------------------------------------------------------------------------------+


+--------------------------------------------------------------------------------------------------------------------------------------+
; Port Connectivity Checks: "_register8:u0_register8|_dff:u0_dff|_dlatch:u1_dlatch"                                                    ;
+-------+--------+----------+----------------------------------------------------------------------------------------------------------+
; Port  ; Type   ; Severity ; Details                                                                                                  ;
+-------+--------+----------+----------------------------------------------------------------------------------------------------------+
; q_bar ; Output ; Warning  ; Declared by entity but not connected by instance. Logic that only feeds a dangling port will be removed. ;
+-------+--------+----------+----------------------------------------------------------------------------------------------------------+


+--------------------------------------------------------------------------------------------------------------------------------------+
; Port Connectivity Checks: "_register8:u0_register8|_dff:u0_dff"                                                                      ;
+-------+--------+----------+----------------------------------------------------------------------------------------------------------+
; Port  ; Type   ; Severity ; Details                                                                                                  ;
+-------+--------+----------+----------------------------------------------------------------------------------------------------------+
; q     ; Output ; Info     ; Connected to dangling logic. Logic that only feeds a dangling port will be removed.                      ;
; q_bar ; Output ; Warning  ; Declared by entity but not connected by instance. Logic that only feeds a dangling port will be removed. ;
+-------+--------+----------+----------------------------------------------------------------------------------------------------------+


+-----------------------------------------------------+
; Post-Synthesis Netlist Statistics for Top Partition ;
+-----------------------+-----------------------------+
; Type                  ; Count                       ;
+-----------------------+-----------------------------+
; arriav_lcell_comb     ; 1                           ;
;     normal            ; 1                           ;
;         0 data inputs ; 1                           ;
; boundary_port         ; 65                          ;
;                       ;                             ;
; Max LUT depth         ; 0.00                        ;
; Average LUT depth     ; 0.00                        ;
+-----------------------+-----------------------------+


+-------------------------------+
; Elapsed Time Per Partition    ;
+----------------+--------------+
; Partition Name ; Elapsed Time ;
+----------------+--------------+
; Top            ; 00:00:00     ;
+----------------+--------------+


+-------------------------------+
; Analysis & Synthesis Messages ;
+-------------------------------+
Info: *******************************************************************
Info: Running Quartus Prime Analysis & Synthesis
    Info: Version 18.1.0 Build 625 09/12/2018 SJ Lite Edition
    Info: Processing started: Mon Oct 16 05:15:15 2023
Info: Command: quartus_map --read_settings_files=on --write_settings_files=off _register32 -c _register32
Warning (18236): Number of processors has not been specified which may cause overloading on shared machines.  Set the global assignment NUM_PARALLEL_PROCESSORS in your QSF to an appropriate value for best performance.
Info (20030): Parallel compilation is enabled and will use 4 of the 4 processors detected
Info (12021): Found 21 design units, including 21 entities, in source file gates.v
    Info (12023): Found entity 1: _inv File: C:/intelFPGA_lite/18.1/Assignment5/gates.v Line: 2
    Info (12023): Found entity 2: _nand2 File: C:/intelFPGA_lite/18.1/Assignment5/gates.v Line: 10
    Info (12023): Found entity 3: _and2 File: C:/intelFPGA_lite/18.1/Assignment5/gates.v Line: 18
    Info (12023): Found entity 4: _or2 File: C:/intelFPGA_lite/18.1/Assignment5/gates.v Line: 26
    Info (12023): Found entity 5: _xor2 File: C:/intelFPGA_lite/18.1/Assignment5/gates.v Line: 36
    Info (12023): Found entity 6: _and3 File: C:/intelFPGA_lite/18.1/Assignment5/gates.v Line: 61
    Info (12023): Found entity 7: _and4 File: C:/intelFPGA_lite/18.1/Assignment5/gates.v Line: 70
    Info (12023): Found entity 8: _and5 File: C:/intelFPGA_lite/18.1/Assignment5/gates.v Line: 79
    Info (12023): Found entity 9: _or3 File: C:/intelFPGA_lite/18.1/Assignment5/gates.v Line: 87
    Info (12023): Found entity 10: _or4 File: C:/intelFPGA_lite/18.1/Assignment5/gates.v Line: 94
    Info (12023): Found entity 11: _or5 File: C:/intelFPGA_lite/18.1/Assignment5/gates.v Line: 101
    Info (12023): Found entity 12: _inv_4bits File: C:/intelFPGA_lite/18.1/Assignment5/gates.v Line: 109
    Info (12023): Found entity 13: _and2_4bits File: C:/intelFPGA_lite/18.1/Assignment5/gates.v Line: 116
    Info (12023): Found entity 14: _or2_4bits File: C:/intelFPGA_lite/18.1/Assignment5/gates.v Line: 123
    Info (12023): Found entity 15: _xor2_4bits File: C:/intelFPGA_lite/18.1/Assignment5/gates.v Line: 130
    Info (12023): Found entity 16: _xnor2_4bits File: C:/intelFPGA_lite/18.1/Assignment5/gates.v Line: 140
    Info (12023): Found entity 17: _inv_32bits File: C:/intelFPGA_lite/18.1/Assignment5/gates.v Line: 151
    Info (12023): Found entity 18: _and2_32bits File: C:/intelFPGA_lite/18.1/Assignment5/gates.v Line: 157
    Info (12023): Found entity 19: _or2_32bits File: C:/intelFPGA_lite/18.1/Assignment5/gates.v Line: 163
    Info (12023): Found entity 20: _xor2_32bits File: C:/intelFPGA_lite/18.1/Assignment5/gates.v Line: 169
    Info (12023): Found entity 21: _xnor2_32bits File: C:/intelFPGA_lite/18.1/Assignment5/gates.v Line: 183
Info (12021): Found 1 design units, including 1 entities, in source file _dlatch.v
    Info (12023): Found entity 1: _dlatch File: C:/intelFPGA_lite/18.1/Assignment5/_dlatch.v Line: 1
Info (12021): Found 1 design units, including 1 entities, in source file _dff.v
    Info (12023): Found entity 1: _dff File: C:/intelFPGA_lite/18.1/Assignment5/_dff.v Line: 1
Info (12021): Found 1 design units, including 1 entities, in source file _register8.v
    Info (12023): Found entity 1: _register8 File: C:/intelFPGA_lite/18.1/Assignment5/_register8.v Line: 1
Info (12021): Found 1 design units, including 1 entities, in source file _register32.v
    Info (12023): Found entity 1: _register32 File: C:/intelFPGA_lite/18.1/Assignment5/_register32.v Line: 1
Info (12021): Found 1 design units, including 1 entities, in source file tb_register32.v
    Info (12023): Found entity 1: tb_register32 File: C:/intelFPGA_lite/18.1/Assignment5/tb_register32.v Line: 2
Info (12127): Elaborating entity "_register32" for the top level hierarchy
Info (12128): Elaborating entity "_register8" for hierarchy "_register8:u0_register8" File: C:/intelFPGA_lite/18.1/Assignment5/_register32.v Line: 7
Info (12128): Elaborating entity "_dff" for hierarchy "_register8:u0_register8|_dff:u0_dff" File: C:/intelFPGA_lite/18.1/Assignment5/_register8.v Line: 9
Info (12128): Elaborating entity "_inv" for hierarchy "_register8:u0_register8|_dff:u0_dff|_inv:u0_inv" File: C:/intelFPGA_lite/18.1/Assignment5/_dff.v Line: 7
Info (12128): Elaborating entity "_dlatch" for hierarchy "_register8:u0_register8|_dff:u0_dff|_dlatch:u1_dlatch" File: C:/intelFPGA_lite/18.1/Assignment5/_dff.v Line: 8
Warning (10240): Verilog HDL Always Construct warning at _dlatch.v(7): inferring latch(es) for variable "q", which holds its previous value in one or more paths through the always construct File: C:/intelFPGA_lite/18.1/Assignment5/_dlatch.v Line: 7
Info (10041): Inferred latch for "q" at _dlatch.v(7) File: C:/intelFPGA_lite/18.1/Assignment5/_dlatch.v Line: 7
Warning (12241): 9 hierarchies have connectivity warnings - see the Connectivity Checks report folder
Warning (13024): Output pins are stuck at VCC or GND
    Warning (13410): Pin "q[0]" is stuck at GND File: C:/intelFPGA_lite/18.1/Assignment5/_register32.v Line: 4
    Warning (13410): Pin "q[1]" is stuck at GND File: C:/intelFPGA_lite/18.1/Assignment5/_register32.v Line: 4
    Warning (13410): Pin "q[2]" is stuck at GND File: C:/intelFPGA_lite/18.1/Assignment5/_register32.v Line: 4
    Warning (13410): Pin "q[3]" is stuck at GND File: C:/intelFPGA_lite/18.1/Assignment5/_register32.v Line: 4
    Warning (13410): Pin "q[4]" is stuck at GND File: C:/intelFPGA_lite/18.1/Assignment5/_register32.v Line: 4
    Warning (13410): Pin "q[5]" is stuck at GND File: C:/intelFPGA_lite/18.1/Assignment5/_register32.v Line: 4
    Warning (13410): Pin "q[6]" is stuck at GND File: C:/intelFPGA_lite/18.1/Assignment5/_register32.v Line: 4
    Warning (13410): Pin "q[7]" is stuck at GND File: C:/intelFPGA_lite/18.1/Assignment5/_register32.v Line: 4
    Warning (13410): Pin "q[8]" is stuck at GND File: C:/intelFPGA_lite/18.1/Assignment5/_register32.v Line: 4
    Warning (13410): Pin "q[9]" is stuck at GND File: C:/intelFPGA_lite/18.1/Assignment5/_register32.v Line: 4
    Warning (13410): Pin "q[10]" is stuck at GND File: C:/intelFPGA_lite/18.1/Assignment5/_register32.v Line: 4
    Warning (13410): Pin "q[11]" is stuck at GND File: C:/intelFPGA_lite/18.1/Assignment5/_register32.v Line: 4
    Warning (13410): Pin "q[12]" is stuck at GND File: C:/intelFPGA_lite/18.1/Assignment5/_register32.v Line: 4
    Warning (13410): Pin "q[13]" is stuck at GND File: C:/intelFPGA_lite/18.1/Assignment5/_register32.v Line: 4
    Warning (13410): Pin "q[14]" is stuck at GND File: C:/intelFPGA_lite/18.1/Assignment5/_register32.v Line: 4
    Warning (13410): Pin "q[15]" is stuck at GND File: C:/intelFPGA_lite/18.1/Assignment5/_register32.v Line: 4
    Warning (13410): Pin "q[16]" is stuck at GND File: C:/intelFPGA_lite/18.1/Assignment5/_register32.v Line: 4
    Warning (13410): Pin "q[17]" is stuck at GND File: C:/intelFPGA_lite/18.1/Assignment5/_register32.v Line: 4
    Warning (13410): Pin "q[18]" is stuck at GND File: C:/intelFPGA_lite/18.1/Assignment5/_register32.v Line: 4
    Warning (13410): Pin "q[19]" is stuck at GND File: C:/intelFPGA_lite/18.1/Assignment5/_register32.v Line: 4
    Warning (13410): Pin "q[20]" is stuck at GND File: C:/intelFPGA_lite/18.1/Assignment5/_register32.v Line: 4
    Warning (13410): Pin "q[21]" is stuck at GND File: C:/intelFPGA_lite/18.1/Assignment5/_register32.v Line: 4
    Warning (13410): Pin "q[22]" is stuck at GND File: C:/intelFPGA_lite/18.1/Assignment5/_register32.v Line: 4
    Warning (13410): Pin "q[23]" is stuck at GND File: C:/intelFPGA_lite/18.1/Assignment5/_register32.v Line: 4
    Warning (13410): Pin "q[24]" is stuck at GND File: C:/intelFPGA_lite/18.1/Assignment5/_register32.v Line: 4
    Warning (13410): Pin "q[25]" is stuck at GND File: C:/intelFPGA_lite/18.1/Assignment5/_register32.v Line: 4
    Warning (13410): Pin "q[26]" is stuck at GND File: C:/intelFPGA_lite/18.1/Assignment5/_register32.v Line: 4
    Warning (13410): Pin "q[27]" is stuck at GND File: C:/intelFPGA_lite/18.1/Assignment5/_register32.v Line: 4
    Warning (13410): Pin "q[28]" is stuck at GND File: C:/intelFPGA_lite/18.1/Assignment5/_register32.v Line: 4
    Warning (13410): Pin "q[29]" is stuck at GND File: C:/intelFPGA_lite/18.1/Assignment5/_register32.v Line: 4
    Warning (13410): Pin "q[30]" is stuck at GND File: C:/intelFPGA_lite/18.1/Assignment5/_register32.v Line: 4
    Warning (13410): Pin "q[31]" is stuck at GND File: C:/intelFPGA_lite/18.1/Assignment5/_register32.v Line: 4
Info (16010): Generating hard_block partition "hard_block:auto_generated_inst"
    Info (16011): Adding 0 node(s), including 0 DDIO, 0 PLL, 0 transceiver and 0 LCELL
Warning (21074): Design contains 33 input pin(s) that do not drive logic
    Warning (15610): No output dependent on input pin "clk" File: C:/intelFPGA_lite/18.1/Assignment5/_register32.v Line: 2
    Warning (15610): No output dependent on input pin "d[0]" File: C:/intelFPGA_lite/18.1/Assignment5/_register32.v Line: 3
    Warning (15610): No output dependent on input pin "d[1]" File: C:/intelFPGA_lite/18.1/Assignment5/_register32.v Line: 3
    Warning (15610): No output dependent on input pin "d[2]" File: C:/intelFPGA_lite/18.1/Assignment5/_register32.v Line: 3
    Warning (15610): No output dependent on input pin "d[3]" File: C:/intelFPGA_lite/18.1/Assignment5/_register32.v Line: 3
    Warning (15610): No output dependent on input pin "d[4]" File: C:/intelFPGA_lite/18.1/Assignment5/_register32.v Line: 3
    Warning (15610): No output dependent on input pin "d[5]" File: C:/intelFPGA_lite/18.1/Assignment5/_register32.v Line: 3
    Warning (15610): No output dependent on input pin "d[6]" File: C:/intelFPGA_lite/18.1/Assignment5/_register32.v Line: 3
    Warning (15610): No output dependent on input pin "d[7]" File: C:/intelFPGA_lite/18.1/Assignment5/_register32.v Line: 3
    Warning (15610): No output dependent on input pin "d[8]" File: C:/intelFPGA_lite/18.1/Assignment5/_register32.v Line: 3
    Warning (15610): No output dependent on input pin "d[9]" File: C:/intelFPGA_lite/18.1/Assignment5/_register32.v Line: 3
    Warning (15610): No output dependent on input pin "d[10]" File: C:/intelFPGA_lite/18.1/Assignment5/_register32.v Line: 3
    Warning (15610): No output dependent on input pin "d[11]" File: C:/intelFPGA_lite/18.1/Assignment5/_register32.v Line: 3
    Warning (15610): No output dependent on input pin "d[12]" File: C:/intelFPGA_lite/18.1/Assignment5/_register32.v Line: 3
    Warning (15610): No output dependent on input pin "d[13]" File: C:/intelFPGA_lite/18.1/Assignment5/_register32.v Line: 3
    Warning (15610): No output dependent on input pin "d[14]" File: C:/intelFPGA_lite/18.1/Assignment5/_register32.v Line: 3
    Warning (15610): No output dependent on input pin "d[15]" File: C:/intelFPGA_lite/18.1/Assignment5/_register32.v Line: 3
    Warning (15610): No output dependent on input pin "d[16]" File: C:/intelFPGA_lite/18.1/Assignment5/_register32.v Line: 3
    Warning (15610): No output dependent on input pin "d[17]" File: C:/intelFPGA_lite/18.1/Assignment5/_register32.v Line: 3
    Warning (15610): No output dependent on input pin "d[18]" File: C:/intelFPGA_lite/18.1/Assignment5/_register32.v Line: 3
    Warning (15610): No output dependent on input pin "d[19]" File: C:/intelFPGA_lite/18.1/Assignment5/_register32.v Line: 3
    Warning (15610): No output dependent on input pin "d[20]" File: C:/intelFPGA_lite/18.1/Assignment5/_register32.v Line: 3
    Warning (15610): No output dependent on input pin "d[21]" File: C:/intelFPGA_lite/18.1/Assignment5/_register32.v Line: 3
    Warning (15610): No output dependent on input pin "d[22]" File: C:/intelFPGA_lite/18.1/Assignment5/_register32.v Line: 3
    Warning (15610): No output dependent on input pin "d[23]" File: C:/intelFPGA_lite/18.1/Assignment5/_register32.v Line: 3
    Warning (15610): No output dependent on input pin "d[24]" File: C:/intelFPGA_lite/18.1/Assignment5/_register32.v Line: 3
    Warning (15610): No output dependent on input pin "d[25]" File: C:/intelFPGA_lite/18.1/Assignment5/_register32.v Line: 3
    Warning (15610): No output dependent on input pin "d[26]" File: C:/intelFPGA_lite/18.1/Assignment5/_register32.v Line: 3
    Warning (15610): No output dependent on input pin "d[27]" File: C:/intelFPGA_lite/18.1/Assignment5/_register32.v Line: 3
    Warning (15610): No output dependent on input pin "d[28]" File: C:/intelFPGA_lite/18.1/Assignment5/_register32.v Line: 3
    Warning (15610): No output dependent on input pin "d[29]" File: C:/intelFPGA_lite/18.1/Assignment5/_register32.v Line: 3
    Warning (15610): No output dependent on input pin "d[30]" File: C:/intelFPGA_lite/18.1/Assignment5/_register32.v Line: 3
    Warning (15610): No output dependent on input pin "d[31]" File: C:/intelFPGA_lite/18.1/Assignment5/_register32.v Line: 3
Info (21057): Implemented 65 device resources after synthesis - the final resource count might be different
    Info (21058): Implemented 33 input pins
    Info (21059): Implemented 32 output pins
Info: Quartus Prime Analysis & Synthesis was successful. 0 errors, 70 warnings
    Info: Peak virtual memory: 4800 megabytes
    Info: Processing ended: Mon Oct 16 05:15:32 2023
    Info: Elapsed time: 00:00:17
    Info: Total CPU time (on all processors): 00:00:31


